Arguments: 
  C:\Program Files\nodejs\node.exe C:\Users\ilisa\.node\corepack\yarn\1.22.15\bin\yarn.js

PATH: 
  C:\Program Files\PowerShell\7;C:\Python310\Scripts\;C:\Python310\;C:\Program Files\Common Files\Oracle\Java\javapath;C:\Program Files (x86)\Common Files\Oracle\Java\javapath;C:\Python39\Scripts\;C:\Python39\;C:\Program Files (x86)\Common Files\Intel\Shared Libraries\redist\intel64\compiler;C:\WINDOWS\system32;C:\WINDOWS;C:\WINDOWS\System32\Wbem;C:\WINDOWS\System32\WindowsPowerShell\v1.0\;C:\WINDOWS\System32\OpenSSH\;C:\Program Files\Git\cmd;C:\Program Files\dotnet\;C:\Android;C:\Windows\System32;C:\Program Files\PowerShell\7\;C:\Program Files (x86)\Calibre2\;C:\ProgramData\chocolatey\bin;C:\Users\ilisa\AppData\Roaming\npm;C:\Program Files\Go\bin;C:\Program Files\Docker\Docker\resources\bin;C:\ProgramData\DockerDesktop\version-bin;C:\Program Files\Microsoft\Azure Functions Core Tools\;C:\Program Files\nodejs\;C:\Users\ilisa\.cargo\bin;C:\Users\ilisa\AppData\Local\Microsoft\WindowsApps;C:\Users\ilisa\AppData\Local\Programs\Microsoft VS Code\bin;C:\src\flutter\flutter\bin;C:\Users\ilisa\AppData\Roaming\npm\node_modules;C:\Program Files\nodejs\node_modules\npm\bin;C:\Python27\python.exe;C:\Users\ilisa\go\bin;C:\Users\ilisa\AppData\Local\atom\bin;C:\Users\ilisa\AppData\Local\GitHubDesktop\bin

Yarn version: 
  1.22.15

Node version: 
  16.13.1

Platform: 
  win32 x64

Trace: 
  Error: connect ENETUNREACH 104.16.22.35:443
      at TCPConnectWrap.afterConnect [as oncomplete] (node:net:1161:16)

npm manifest: 
  {
    "private": true,
    "sideEffects": false,
    "scripts": {
      "build": "remix build",
      "dev": "remix dev"
    },
    "dependencies": {
      "@remix-run/node": "^1.6.1",
      "@remix-run/react": "^1.6.1",
      "@remix-run/vercel": "^1.6.1",
      "@vercel/node": "^1.15.2",
      "react": "^17.0.2",
      "react-dom": "^17.0.2"
    },
    "devDependencies": {
      "@remix-run/dev": "^1.6.1",
      "@remix-run/eslint-config": "^1.6.1",
      "@remix-run/serve": "^1.6.1",
      "@types/react": "^17.0.45",
      "@types/react-dom": "^17.0.17",
      "eslint": "^8.15.0",
      "typescript": "^4.6.4"
    },
    "engines": {
      "node": ">=14"
    }
  }

yarn manifest: 
  No manifest

Lockfile: 
  No lockfile
